INFO [2025-11-28 17:57:25] $x
INFO [2025-11-28 17:57:25] venn_data_2
INFO [2025-11-28 17:57:25] 
INFO [2025-11-28 17:57:25] $filename
INFO [2025-11-28 17:57:25] NULL
INFO [2025-11-28 17:57:25] 
INFO [2025-11-28 17:57:25] $fill
INFO [2025-11-28 17:57:25] c("#FF9999", "#66B2FF")
INFO [2025-11-28 17:57:25] 
INFO [2025-11-28 17:57:25] $col
INFO [2025-11-28 17:57:25] [1] "white"
INFO [2025-11-28 17:57:25] 
INFO [2025-11-28 17:57:25] $lwd
INFO [2025-11-28 17:57:25] [1] 3
INFO [2025-11-28 17:57:25] 
INFO [2025-11-28 17:57:25] $alpha
INFO [2025-11-28 17:57:25] [1] 0.7
INFO [2025-11-28 17:57:25] 
INFO [2025-11-28 17:57:25] $fontface
INFO [2025-11-28 17:57:25] [1] "bold"
INFO [2025-11-28 17:57:25] 
INFO [2025-11-28 17:57:25] $fontfamily
INFO [2025-11-28 17:57:25] [1] "SimHei"
INFO [2025-11-28 17:57:25] 
INFO [2025-11-28 17:57:25] $cat.cex
INFO [2025-11-28 17:57:25] [1] 1.3
INFO [2025-11-28 17:57:25] 
INFO [2025-11-28 17:57:25] $cex
INFO [2025-11-28 17:57:25] [1] 1.2
INFO [2025-11-28 17:57:25] 
INFO [2025-11-28 17:57:25] $cat.pos
INFO [2025-11-28 17:57:25] c(160, 20)
INFO [2025-11-28 17:57:25] 
INFO [2025-11-28 17:57:25] $cat.dist
INFO [2025-11-28 17:57:25] [1] 0.1
INFO [2025-11-28 17:57:25] 
INFO [2025-11-28 17:57:25] $cat.col
INFO [2025-11-28 17:57:25] c("#FF9999", "#66B2FF")
INFO [2025-11-28 17:57:25] 
INFO [2025-11-28 17:57:25] $label.col
INFO [2025-11-28 17:57:25] [1] "black"
INFO [2025-11-28 17:57:25] 
